app/build/intermediates/manifest_merge_blame_file/debug/processDebugMainManifest/manifest-merger-blame-debug-report.txt
1<?xml version="1.0" encoding="utf-8"?>
2<manifest xmlns:android="http://schemas.android.com/apk/res/android"
3    package="com.paperflow.app.debug"
4    android:versionCode="1"
5    android:versionName="1.0.0" >
6
7    <uses-sdk
8        android:minSdkVersion="26"
9        android:targetSdkVersion="35" />
10
11    <!-- Camera - only for scanning -->
12    <uses-permission android:name="android.permission.CAMERA" />
12-->src\main\AndroidManifest.xml:6:5-65
12-->src\main\AndroidManifest.xml:6:22-62
13
14    <uses-feature
14-->src\main\AndroidManifest.xml:7:5-85
15        android:name="android.hardware.camera"
15-->src\main\AndroidManifest.xml:7:19-57
16        android:required="false" />
16-->src\main\AndroidManifest.xml:7:58-82
17    <uses-feature
17-->src\main\AndroidManifest.xml:8:5-95
18        android:name="android.hardware.camera.autofocus"
18-->src\main\AndroidManifest.xml:8:19-67
19        android:required="false" />
19-->src\main\AndroidManifest.xml:8:68-92
20
21    <!-- Biometric -->
22    <uses-permission android:name="android.permission.USE_BIOMETRIC" />
22-->src\main\AndroidManifest.xml:11:5-72
22-->src\main\AndroidManifest.xml:11:22-69
23    <uses-permission android:name="android.permission.USE_FINGERPRINT" />
23-->src\main\AndroidManifest.xml:12:5-74
23-->src\main\AndroidManifest.xml:12:22-71
24
25    <!-- Media Storage - import/export only (Android 13+) -->
26    <uses-permission android:name="android.permission.READ_MEDIA_IMAGES" />
26-->src\main\AndroidManifest.xml:15:5-76
26-->src\main\AndroidManifest.xml:15:22-73
27    <uses-permission android:name="android.permission.READ_MEDIA_VIDEO" />
27-->src\main\AndroidManifest.xml:16:5-75
27-->src\main\AndroidManifest.xml:16:22-72
28    <!-- Legacy storage for Android < 13 -->
29    <uses-permission
29-->src\main\AndroidManifest.xml:18:5-19:38
30        android:name="android.permission.READ_EXTERNAL_STORAGE"
30-->src\main\AndroidManifest.xml:18:22-77
31        android:maxSdkVersion="32" />
31-->src\main\AndroidManifest.xml:19:9-35
32
33    <!-- Vibration for haptic feedback -->
34    <uses-permission android:name="android.permission.VIBRATE" />
34-->src\main\AndroidManifest.xml:22:5-66
34-->src\main\AndroidManifest.xml:22:22-63
35
36    <!-- Network - for optional AI features only -->
37    <uses-permission android:name="android.permission.INTERNET" />
37-->src\main\AndroidManifest.xml:25:5-67
37-->src\main\AndroidManifest.xml:25:22-64
38    <uses-permission android:name="android.permission.ACCESS_NETWORK_STATE" />
38-->src\main\AndroidManifest.xml:26:5-79
38-->src\main\AndroidManifest.xml:26:22-76
39
40    <!-- WorkManager foreground service -->
41    <uses-permission android:name="android.permission.FOREGROUND_SERVICE" />
41-->src\main\AndroidManifest.xml:29:5-77
41-->src\main\AndroidManifest.xml:29:22-74
42    <uses-permission android:name="android.permission.FOREGROUND_SERVICE_DATA_SYNC" />
42-->src\main\AndroidManifest.xml:30:5-87
42-->src\main\AndroidManifest.xml:30:22-84
43    <uses-permission android:name="android.permission.POST_NOTIFICATIONS" />
43-->src\main\AndroidManifest.xml:31:5-77
43-->src\main\AndroidManifest.xml:31:22-74
44    <uses-permission android:name="android.permission.WAKE_LOCK" />
44-->[com.google.android.gms:play-services-measurement:22.1.2] AndroidManifest.xml:25:5-68
44-->[com.google.android.gms:play-services-measurement:22.1.2] AndroidManifest.xml:25:22-65
45    <uses-permission android:name="com.google.android.finsky.permission.BIND_GET_INSTALL_REFERRER_SERVICE" />
45-->[com.google.android.gms:play-services-measurement:22.1.2] AndroidManifest.xml:26:5-110
45-->[com.google.android.gms:play-services-measurement:22.1.2] AndroidManifest.xml:26:22-107
46    <uses-permission android:name="com.google.android.gms.permission.AD_ID" />
46-->[com.google.android.gms:play-services-measurement-impl:22.1.2] AndroidManifest.xml:27:5-79
46-->[com.google.android.gms:play-services-measurement-impl:22.1.2] AndroidManifest.xml:27:22-76
47    <uses-permission android:name="android.permission.ACCESS_ADSERVICES_ATTRIBUTION" />
47-->[com.google.android.gms:play-services-measurement-api:22.1.2] AndroidManifest.xml:26:5-88
47-->[com.google.android.gms:play-services-measurement-api:22.1.2] AndroidManifest.xml:26:22-85
48    <uses-permission android:name="android.permission.ACCESS_ADSERVICES_AD_ID" />
48-->[com.google.android.gms:play-services-measurement-api:22.1.2] AndroidManifest.xml:27:5-82
48-->[com.google.android.gms:play-services-measurement-api:22.1.2] AndroidManifest.xml:27:22-79
49    <uses-permission android:name="android.permission.RECEIVE_BOOT_COMPLETED" />
49-->[androidx.work:work-runtime:2.9.1] AndroidManifest.xml:25:5-81
49-->[androidx.work:work-runtime:2.9.1] AndroidManifest.xml:25:22-78
50
51    <permission
51-->[androidx.core:core:1.13.1] AndroidManifest.xml:22:5-24:47
52        android:name="com.paperflow.app.debug.DYNAMIC_RECEIVER_NOT_EXPORTED_PERMISSION"
52-->[androidx.core:core:1.13.1] AndroidManifest.xml:23:9-81
53        android:protectionLevel="signature" />
53-->[androidx.core:core:1.13.1] AndroidManifest.xml:24:9-44
54
55    <uses-permission android:name="com.paperflow.app.debug.DYNAMIC_RECEIVER_NOT_EXPORTED_PERMISSION" />
55-->[androidx.core:core:1.13.1] AndroidManifest.xml:26:5-97
55-->[androidx.core:core:1.13.1] AndroidManifest.xml:26:22-94
56
57    <application
57-->src\main\AndroidManifest.xml:33:5-101:19
58        android:name="com.paperflow.app.PaperFlowApp"
58-->src\main\AndroidManifest.xml:34:9-37
59        android:allowBackup="false"
59-->src\main\AndroidManifest.xml:35:9-36
60        android:appComponentFactory="androidx.core.app.CoreComponentFactory"
60-->[androidx.core:core:1.13.1] AndroidManifest.xml:28:18-86
61        android:dataExtractionRules="@xml/data_extraction_rules"
61-->src\main\AndroidManifest.xml:36:9-65
62        android:debuggable="true"
63        android:extractNativeLibs="false"
64        android:fullBackupContent="@xml/backup_rules"
64-->src\main\AndroidManifest.xml:37:9-54
65        android:icon="@drawable/ic_launcher"
65-->src\main\AndroidManifest.xml:38:9-45
66        android:label="@string/app_name"
66-->src\main\AndroidManifest.xml:39:9-41
67        android:networkSecurityConfig="@xml/network_security_config"
67-->src\main\AndroidManifest.xml:43:9-69
68        android:roundIcon="@drawable/ic_launcher"
68-->src\main\AndroidManifest.xml:40:9-50
69        android:supportsRtl="true"
69-->src\main\AndroidManifest.xml:41:9-35
70        android:testOnly="true"
71        android:theme="@style/Theme.PaperFlow" >
71-->src\main\AndroidManifest.xml:42:9-47
72        <activity
72-->src\main\AndroidManifest.xml:46:9-77:20
73            android:name="com.paperflow.app.MainActivity"
73-->src\main\AndroidManifest.xml:47:13-41
74            android:exported="true"
74-->src\main\AndroidManifest.xml:48:13-36
75            android:theme="@style/Theme.PaperFlow"
75-->src\main\AndroidManifest.xml:49:13-51
76            android:windowSoftInputMode="adjustResize" >
76-->src\main\AndroidManifest.xml:50:13-55
77            <intent-filter>
77-->src\main\AndroidManifest.xml:51:13-54:29
78                <action android:name="android.intent.action.MAIN" />
78-->src\main\AndroidManifest.xml:52:17-69
78-->src\main\AndroidManifest.xml:52:25-66
79
80                <category android:name="android.intent.category.LAUNCHER" />
80-->src\main\AndroidManifest.xml:53:17-77
80-->src\main\AndroidManifest.xml:53:27-74
81            </intent-filter>
82
83            <!-- Deep link: paperflow://document/{id} -->
84            <intent-filter android:autoVerify="true" >
84-->src\main\AndroidManifest.xml:57:13-62:29
84-->src\main\AndroidManifest.xml:57:28-53
85                <action android:name="android.intent.action.VIEW" />
85-->src\main\AndroidManifest.xml:58:17-69
85-->src\main\AndroidManifest.xml:58:25-66
86
87                <category android:name="android.intent.category.DEFAULT" />
87-->src\main\AndroidManifest.xml:59:17-76
87-->src\main\AndroidManifest.xml:59:27-73
88                <category android:name="android.intent.category.BROWSABLE" />
88-->src\main\AndroidManifest.xml:60:17-78
88-->src\main\AndroidManifest.xml:60:27-75
89
90                <data
90-->src\main\AndroidManifest.xml:61:17-76
91                    android:host="document"
91-->src\main\AndroidManifest.xml:61:50-73
92                    android:scheme="paperflow" />
92-->src\main\AndroidManifest.xml:61:23-49
93            </intent-filter>
94
95            <!-- Open PDF files -->
96            <intent-filter>
96-->src\main\AndroidManifest.xml:65:13-69:29
97                <action android:name="android.intent.action.VIEW" />
97-->src\main\AndroidManifest.xml:58:17-69
97-->src\main\AndroidManifest.xml:58:25-66
98
99                <category android:name="android.intent.category.DEFAULT" />
99-->src\main\AndroidManifest.xml:59:17-76
99-->src\main\AndroidManifest.xml:59:27-73
100
101                <data android:mimeType="application/pdf" />
101-->src\main\AndroidManifest.xml:61:17-76
101-->src\main\AndroidManifest.xml:68:23-57
102            </intent-filter>
103
104            <!-- Open image files for scanning -->
105            <intent-filter>
105-->src\main\AndroidManifest.xml:72:13-76:29
106                <action android:name="android.intent.action.VIEW" />
106-->src\main\AndroidManifest.xml:58:17-69
106-->src\main\AndroidManifest.xml:58:25-66
107
108                <category android:name="android.intent.category.DEFAULT" />
108-->src\main\AndroidManifest.xml:59:17-76
108-->src\main\AndroidManifest.xml:59:27-73
109
110                <data android:mimeType="image/*" />
110-->src\main\AndroidManifest.xml:61:17-76
110-->src\main\AndroidManifest.xml:68:23-57
111            </intent-filter>
112        </activity>
113
114        <!-- WorkManager workers -->
115        <provider
116            android:name="androidx.startup.InitializationProvider"
116-->src\main\AndroidManifest.xml:81:13-67
117            android:authorities="com.paperflow.app.debug.androidx-startup"
117-->src\main\AndroidManifest.xml:82:13-68
118            android:exported="false" >
118-->src\main\AndroidManifest.xml:83:13-37
119            <meta-data
119-->src\main\AndroidManifest.xml:85:13-87:52
120                android:name="androidx.work.WorkManagerInitializer"
120-->src\main\AndroidManifest.xml:86:17-68
121                android:value="androidx.startup" />
121-->src\main\AndroidManifest.xml:87:17-49
122            <meta-data
122-->[androidx.emoji2:emoji2:1.3.0] AndroidManifest.xml:29:13-31:52
123                android:name="androidx.emoji2.text.EmojiCompatInitializer"
123-->[androidx.emoji2:emoji2:1.3.0] AndroidManifest.xml:30:17-75
124                android:value="androidx.startup" />
124-->[androidx.emoji2:emoji2:1.3.0] AndroidManifest.xml:31:17-49
125            <meta-data
125-->[androidx.lifecycle:lifecycle-process:2.8.7] AndroidManifest.xml:29:13-31:52
126                android:name="androidx.lifecycle.ProcessLifecycleInitializer"
126-->[androidx.lifecycle:lifecycle-process:2.8.7] AndroidManifest.xml:30:17-78
127                android:value="androidx.startup" />
127-->[androidx.lifecycle:lifecycle-process:2.8.7] AndroidManifest.xml:31:17-49
128            <meta-data
128-->[androidx.profileinstaller:profileinstaller:1.3.1] AndroidManifest.xml:29:13-31:52
129                android:name="androidx.profileinstaller.ProfileInstallerInitializer"
129-->[androidx.profileinstaller:profileinstaller:1.3.1] AndroidManifest.xml:30:17-85
130                android:value="androidx.startup" />
130-->[androidx.profileinstaller:profileinstaller:1.3.1] AndroidManifest.xml:31:17-49
131        </provider>
132
133        <!-- File provider for sharing -->
134        <provider
135            android:name="androidx.core.content.FileProvider"
135-->src\main\AndroidManifest.xml:92:13-62
136            android:authorities="com.paperflow.app.debug.fileprovider"
136-->src\main\AndroidManifest.xml:93:13-64
137            android:exported="false"
137-->src\main\AndroidManifest.xml:94:13-37
138            android:grantUriPermissions="true" >
138-->src\main\AndroidManifest.xml:95:13-47
139            <meta-data
139-->src\main\AndroidManifest.xml:96:13-98:63
140                android:name="android.support.FILE_PROVIDER_PATHS"
140-->src\main\AndroidManifest.xml:97:17-67
141                android:resource="@xml/file_provider_paths" />
141-->src\main\AndroidManifest.xml:98:17-60
142        </provider>
143
144        <service
144-->[androidx.camera:camera-camera2:1.4.0] AndroidManifest.xml:24:9-33:19
145            android:name="androidx.camera.core.impl.MetadataHolderService"
145-->[androidx.camera:camera-camera2:1.4.0] AndroidManifest.xml:25:13-75
146            android:enabled="false"
146-->[androidx.camera:camera-camera2:1.4.0] AndroidManifest.xml:26:13-36
147            android:exported="false" >
147-->[androidx.camera:camera-camera2:1.4.0] AndroidManifest.xml:27:13-37
148            <meta-data
148-->[androidx.camera:camera-camera2:1.4.0] AndroidManifest.xml:30:13-32:89
149                android:name="androidx.camera.core.impl.MetadataHolderService.DEFAULT_CONFIG_PROVIDER"
149-->[androidx.camera:camera-camera2:1.4.0] AndroidManifest.xml:31:17-103
150                android:value="androidx.camera.camera2.Camera2Config$DefaultProvider" />
150-->[androidx.camera:camera-camera2:1.4.0] AndroidManifest.xml:32:17-86
151        </service>
152        <service
152-->[com.google.android.gms:play-services-mlkit-text-recognition-common:19.1.0] AndroidManifest.xml:9:9-15:19
153            android:name="com.google.mlkit.common.internal.MlKitComponentDiscoveryService"
153-->[com.google.android.gms:play-services-mlkit-text-recognition-common:19.1.0] AndroidManifest.xml:10:13-91
154            android:directBootAware="true"
154-->[com.google.mlkit:common:18.11.0] AndroidManifest.xml:17:13-43
155            android:exported="false" >
155-->[com.google.android.gms:play-services-mlkit-text-recognition-common:19.1.0] AndroidManifest.xml:11:13-37
156            <meta-data
156-->[com.google.android.gms:play-services-mlkit-text-recognition-common:19.1.0] AndroidManifest.xml:12:13-14:85
157                android:name="com.google.firebase.components:com.google.mlkit.vision.text.internal.TextRegistrar"
157-->[com.google.android.gms:play-services-mlkit-text-recognition-common:19.1.0] AndroidManifest.xml:13:17-114
158                android:value="com.google.firebase.components.ComponentRegistrar" />
158-->[com.google.android.gms:play-services-mlkit-text-recognition-common:19.1.0] AndroidManifest.xml:14:17-82
159            <meta-data
159-->[com.google.mlkit:vision-common:17.3.0] AndroidManifest.xml:12:13-14:85
160                android:name="com.google.firebase.components:com.google.mlkit.vision.common.internal.VisionCommonRegistrar"
160-->[com.google.mlkit:vision-common:17.3.0] AndroidManifest.xml:13:17-124
161                android:value="com.google.firebase.components.ComponentRegistrar" />
161-->[com.google.mlkit:vision-common:17.3.0] AndroidManifest.xml:14:17-82
162            <meta-data
162-->[com.google.mlkit:common:18.11.0] AndroidManifest.xml:20:13-22:85
163                android:name="com.google.firebase.components:com.google.mlkit.common.internal.CommonComponentRegistrar"
163-->[com.google.mlkit:common:18.11.0] AndroidManifest.xml:21:17-120
164                android:value="com.google.firebase.components.ComponentRegistrar" />
164-->[com.google.mlkit:common:18.11.0] AndroidManifest.xml:22:17-82
165        </service>
166
167        <provider
167-->[com.google.mlkit:common:18.11.0] AndroidManifest.xml:9:9-13:38
168            android:name="com.google.mlkit.common.internal.MlKitInitProvider"
168-->[com.google.mlkit:common:18.11.0] AndroidManifest.xml:10:13-78
169            android:authorities="com.paperflow.app.debug.mlkitinitprovider"
169-->[com.google.mlkit:common:18.11.0] AndroidManifest.xml:11:13-69
170            android:exported="false"
170-->[com.google.mlkit:common:18.11.0] AndroidManifest.xml:12:13-37
171            android:initOrder="99" />
171-->[com.google.mlkit:common:18.11.0] AndroidManifest.xml:13:13-35
172
173        <receiver
173-->[com.google.android.gms:play-services-measurement:22.1.2] AndroidManifest.xml:29:9-33:20
174            android:name="com.google.android.gms.measurement.AppMeasurementReceiver"
174-->[com.google.android.gms:play-services-measurement:22.1.2] AndroidManifest.xml:30:13-85
175            android:enabled="true"
175-->[com.google.android.gms:play-services-measurement:22.1.2] AndroidManifest.xml:31:13-35
176            android:exported="false" >
176-->[com.google.android.gms:play-services-measurement:22.1.2] AndroidManifest.xml:32:13-37
177        </receiver>
178
179        <service
179-->[com.google.android.gms:play-services-measurement:22.1.2] AndroidManifest.xml:35:9-38:40
180            android:name="com.google.android.gms.measurement.AppMeasurementService"
180-->[com.google.android.gms:play-services-measurement:22.1.2] AndroidManifest.xml:36:13-84
181            android:enabled="true"
181-->[com.google.android.gms:play-services-measurement:22.1.2] AndroidManifest.xml:37:13-35
182            android:exported="false" />
182-->[com.google.android.gms:play-services-measurement:22.1.2] AndroidManifest.xml:38:13-37
183        <service
183-->[com.google.android.gms:play-services-measurement:22.1.2] AndroidManifest.xml:39:9-43:72
184            android:name="com.google.android.gms.measurement.AppMeasurementJobService"
184-->[com.google.android.gms:play-services-measurement:22.1.2] AndroidManifest.xml:40:13-87
185            android:enabled="true"
185-->[com.google.android.gms:play-services-measurement:22.1.2] AndroidManifest.xml:41:13-35
186            android:exported="false"
186-->[com.google.android.gms:play-services-measurement:22.1.2] AndroidManifest.xml:42:13-37
187            android:permission="android.permission.BIND_JOB_SERVICE" />
187-->[com.google.android.gms:play-services-measurement:22.1.2] AndroidManifest.xml:43:13-69
188
189        <activity
189-->[com.google.android.gms:play-services-base:18.5.0] AndroidManifest.xml:5:9-173
190            android:name="com.google.android.gms.common.api.GoogleApiActivity"
190-->[com.google.android.gms:play-services-base:18.5.0] AndroidManifest.xml:5:19-85
191            android:exported="false"
191-->[com.google.android.gms:play-services-base:18.5.0] AndroidManifest.xml:5:146-170
192            android:theme="@android:style/Theme.Translucent.NoTitleBar" />
192-->[com.google.android.gms:play-services-base:18.5.0] AndroidManifest.xml:5:86-145
193
194        <service
194-->[com.google.firebase:firebase-crashlytics:19.3.0] AndroidManifest.xml:12:9-21:19
195            android:name="com.google.firebase.components.ComponentDiscoveryService"
195-->[com.google.firebase:firebase-crashlytics:19.3.0] AndroidManifest.xml:13:13-84
196            android:directBootAware="true"
196-->[com.google.firebase:firebase-common:21.0.0] AndroidManifest.xml:32:13-43
197            android:exported="false" >
197-->[com.google.firebase:firebase-crashlytics:19.3.0] AndroidManifest.xml:14:13-37
198            <meta-data
198-->[com.google.firebase:firebase-crashlytics:19.3.0] AndroidManifest.xml:15:13-17:85
199                android:name="com.google.firebase.components:com.google.firebase.crashlytics.FirebaseCrashlyticsKtxRegistrar"
199-->[com.google.firebase:firebase-crashlytics:19.3.0] AndroidManifest.xml:16:17-126
200                android:value="com.google.firebase.components.ComponentRegistrar" />
200-->[com.google.firebase:firebase-crashlytics:19.3.0] AndroidManifest.xml:17:17-82
201            <meta-data
201-->[com.google.firebase:firebase-crashlytics:19.3.0] AndroidManifest.xml:18:13-20:85
202                android:name="com.google.firebase.components:com.google.firebase.crashlytics.CrashlyticsRegistrar"
202-->[com.google.firebase:firebase-crashlytics:19.3.0] AndroidManifest.xml:19:17-115
203                android:value="com.google.firebase.components.ComponentRegistrar" />
203-->[com.google.firebase:firebase-crashlytics:19.3.0] AndroidManifest.xml:20:17-82
204            <meta-data
204-->[com.google.android.gms:play-services-measurement-api:22.1.2] AndroidManifest.xml:37:13-39:85
205                android:name="com.google.firebase.components:com.google.firebase.analytics.connector.internal.AnalyticsConnectorRegistrar"
205-->[com.google.android.gms:play-services-measurement-api:22.1.2] AndroidManifest.xml:38:17-139
206                android:value="com.google.firebase.components.ComponentRegistrar" />
206-->[com.google.android.gms:play-services-measurement-api:22.1.2] AndroidManifest.xml:39:17-82
207            <meta-data
207-->[com.google.firebase:firebase-sessions:2.0.7] AndroidManifest.xml:29:13-31:85
208                android:name="com.google.firebase.components:com.google.firebase.sessions.FirebaseSessionsRegistrar"
208-->[com.google.firebase:firebase-sessions:2.0.7] AndroidManifest.xml:30:17-117
209                android:value="com.google.firebase.components.ComponentRegistrar" />
209-->[com.google.firebase:firebase-sessions:2.0.7] AndroidManifest.xml:31:17-82
210            <meta-data
210-->[com.google.firebase:firebase-installations:18.0.0] AndroidManifest.xml:15:13-17:85
211                android:name="com.google.firebase.components:com.google.firebase.installations.FirebaseInstallationsKtxRegistrar"
211-->[com.google.firebase:firebase-installations:18.0.0] AndroidManifest.xml:16:17-130
212                android:value="com.google.firebase.components.ComponentRegistrar" />
212-->[com.google.firebase:firebase-installations:18.0.0] AndroidManifest.xml:17:17-82
213            <meta-data
213-->[com.google.firebase:firebase-installations:18.0.0] AndroidManifest.xml:18:13-20:85
214                android:name="com.google.firebase.components:com.google.firebase.installations.FirebaseInstallationsRegistrar"
214-->[com.google.firebase:firebase-installations:18.0.0] AndroidManifest.xml:19:17-127
215                android:value="com.google.firebase.components.ComponentRegistrar" />
215-->[com.google.firebase:firebase-installations:18.0.0] AndroidManifest.xml:20:17-82
216            <meta-data
216-->[com.google.firebase:firebase-common-ktx:21.0.0] AndroidManifest.xml:12:13-14:85
217                android:name="com.google.firebase.components:com.google.firebase.ktx.FirebaseCommonLegacyRegistrar"
217-->[com.google.firebase:firebase-common-ktx:21.0.0] AndroidManifest.xml:13:17-116
218                android:value="com.google.firebase.components.ComponentRegistrar" />
218-->[com.google.firebase:firebase-common-ktx:21.0.0] AndroidManifest.xml:14:17-82
219            <meta-data
219-->[com.google.firebase:firebase-common:21.0.0] AndroidManifest.xml:35:13-37:85
220                android:name="com.google.firebase.components:com.google.firebase.FirebaseCommonKtxRegistrar"
220-->[com.google.firebase:firebase-common:21.0.0] AndroidManifest.xml:36:17-109
221                android:value="com.google.firebase.components.ComponentRegistrar" />
221-->[com.google.firebase:firebase-common:21.0.0] AndroidManifest.xml:37:17-82
222            <meta-data
222-->[com.google.firebase:firebase-datatransport:19.0.0] AndroidManifest.xml:25:13-27:85
223                android:name="com.google.firebase.components:com.google.firebase.datatransport.TransportRegistrar"
223-->[com.google.firebase:firebase-datatransport:19.0.0] AndroidManifest.xml:26:17-115
224                android:value="com.google.firebase.components.ComponentRegistrar" />
224-->[com.google.firebase:firebase-datatransport:19.0.0] AndroidManifest.xml:27:17-82
225        </service>
226
227        <property
227-->[com.google.android.gms:play-services-measurement-api:22.1.2] AndroidManifest.xml:30:9-32:61
228            android:name="android.adservices.AD_SERVICES_CONFIG"
228-->[com.google.android.gms:play-services-measurement-api:22.1.2] AndroidManifest.xml:31:13-65
229            android:resource="@xml/ga_ad_services_config" />
229-->[com.google.android.gms:play-services-measurement-api:22.1.2] AndroidManifest.xml:32:13-58
230
231        <service
231-->[com.google.firebase:firebase-sessions:2.0.7] AndroidManifest.xml:22:9-25:40
232            android:name="com.google.firebase.sessions.SessionLifecycleService"
232-->[com.google.firebase:firebase-sessions:2.0.7] AndroidManifest.xml:23:13-80
233            android:enabled="true"
233-->[com.google.firebase:firebase-sessions:2.0.7] AndroidManifest.xml:24:13-35
234            android:exported="false" />
234-->[com.google.firebase:firebase-sessions:2.0.7] AndroidManifest.xml:25:13-37
235
236        <provider
236-->[com.google.firebase:firebase-common:21.0.0] AndroidManifest.xml:23:9-28:39
237            android:name="com.google.firebase.provider.FirebaseInitProvider"
237-->[com.google.firebase:firebase-common:21.0.0] AndroidManifest.xml:24:13-77
238            android:authorities="com.paperflow.app.debug.firebaseinitprovider"
238-->[com.google.firebase:firebase-common:21.0.0] AndroidManifest.xml:25:13-72
239            android:directBootAware="true"
239-->[com.google.firebase:firebase-common:21.0.0] AndroidManifest.xml:26:13-43
240            android:exported="false"
240-->[com.google.firebase:firebase-common:21.0.0] AndroidManifest.xml:27:13-37
241            android:initOrder="100" />
241-->[com.google.firebase:firebase-common:21.0.0] AndroidManifest.xml:28:13-36
242
243        <service
243-->[androidx.room:room-runtime:2.6.1] AndroidManifest.xml:24:9-28:63
244            android:name="androidx.room.MultiInstanceInvalidationService"
244-->[androidx.room:room-runtime:2.6.1] AndroidManifest.xml:25:13-74
245            android:directBootAware="true"
245-->[androidx.room:room-runtime:2.6.1] AndroidManifest.xml:26:13-43
246            android:exported="false" />
246-->[androidx.room:room-runtime:2.6.1] AndroidManifest.xml:27:13-37
247        <service
247-->[androidx.work:work-runtime:2.9.1] AndroidManifest.xml:39:9-45:35
248            android:name="androidx.work.impl.background.systemalarm.SystemAlarmService"
248-->[androidx.work:work-runtime:2.9.1] AndroidManifest.xml:40:13-88
249            android:directBootAware="false"
249-->[androidx.work:work-runtime:2.9.1] AndroidManifest.xml:41:13-44
250            android:enabled="@bool/enable_system_alarm_service_default"
250-->[androidx.work:work-runtime:2.9.1] AndroidManifest.xml:42:13-72
251            android:exported="false" />
251-->[androidx.work:work-runtime:2.9.1] AndroidManifest.xml:43:13-37
252        <service
252-->[androidx.work:work-runtime:2.9.1] AndroidManifest.xml:46:9-52:35
253            android:name="androidx.work.impl.background.systemjob.SystemJobService"
253-->[androidx.work:work-runtime:2.9.1] AndroidManifest.xml:47:13-84
254            android:directBootAware="false"
254-->[androidx.work:work-runtime:2.9.1] AndroidManifest.xml:48:13-44
255            android:enabled="@bool/enable_system_job_service_default"
255-->[androidx.work:work-runtime:2.9.1] AndroidManifest.xml:49:13-70
256            android:exported="true"
256-->[androidx.work:work-runtime:2.9.1] AndroidManifest.xml:50:13-36
257            android:permission="android.permission.BIND_JOB_SERVICE" />
257-->[androidx.work:work-runtime:2.9.1] AndroidManifest.xml:51:13-69
258        <service
258-->[androidx.work:work-runtime:2.9.1] AndroidManifest.xml:53:9-59:35
259            android:name="androidx.work.impl.foreground.SystemForegroundService"
259-->[androidx.work:work-runtime:2.9.1] AndroidManifest.xml:54:13-81
260            android:directBootAware="false"
260-->[androidx.work:work-runtime:2.9.1] AndroidManifest.xml:55:13-44
261            android:enabled="@bool/enable_system_foreground_service_default"
261-->[androidx.work:work-runtime:2.9.1] AndroidManifest.xml:56:13-77
262            android:exported="false" />
262-->[androidx.work:work-runtime:2.9.1] AndroidManifest.xml:57:13-37
263
264        <receiver
264-->[androidx.work:work-runtime:2.9.1] AndroidManifest.xml:61:9-66:35
265            android:name="androidx.work.impl.utils.ForceStopRunnable$BroadcastReceiver"
265-->[androidx.work:work-runtime:2.9.1] AndroidManifest.xml:62:13-88
266            android:directBootAware="false"
266-->[androidx.work:work-runtime:2.9.1] AndroidManifest.xml:63:13-44
267            android:enabled="true"
267-->[androidx.work:work-runtime:2.9.1] AndroidManifest.xml:64:13-35
268            android:exported="false" />
268-->[androidx.work:work-runtime:2.9.1] AndroidManifest.xml:65:13-37
269        <receiver
269-->[androidx.work:work-runtime:2.9.1] AndroidManifest.xml:67:9-77:20
270            android:name="androidx.work.impl.background.systemalarm.ConstraintProxy$BatteryChargingProxy"
270-->[androidx.work:work-runtime:2.9.1] AndroidManifest.xml:68:13-106
271            android:directBootAware="false"
271-->[androidx.work:work-runtime:2.9.1] AndroidManifest.xml:69:13-44
272            android:enabled="false"
272-->[androidx.work:work-runtime:2.9.1] AndroidManifest.xml:70:13-36
273            android:exported="false" >
273-->[androidx.work:work-runtime:2.9.1] AndroidManifest.xml:71:13-37
274            <intent-filter>
274-->[androidx.work:work-runtime:2.9.1] AndroidManifest.xml:73:13-76:29
275                <action android:name="android.intent.action.ACTION_POWER_CONNECTED" />
275-->[androidx.work:work-runtime:2.9.1] AndroidManifest.xml:74:17-87
275-->[androidx.work:work-runtime:2.9.1] AndroidManifest.xml:74:25-84
276                <action android:name="android.intent.action.ACTION_POWER_DISCONNECTED" />
276-->[androidx.work:work-runtime:2.9.1] AndroidManifest.xml:75:17-90
276-->[androidx.work:work-runtime:2.9.1] AndroidManifest.xml:75:25-87
277            </intent-filter>
278        </receiver>
279        <receiver
279-->[androidx.work:work-runtime:2.9.1] AndroidManifest.xml:78:9-88:20
280            android:name="androidx.work.impl.background.systemalarm.ConstraintProxy$BatteryNotLowProxy"
280-->[androidx.work:work-runtime:2.9.1] AndroidManifest.xml:79:13-104